<?xml version="1.0" encoding="UTF-8"?>
<!-- Generated by org.testng.reporters.JUnitReportReporter -->
<testsuite hostname="user-PC" failures="0" tests="1" name="testcases.Withdata_logs" time="0.014" errors="0" timestamp="2021-05-13T17:08:39 IST" skipped="0">
  <testcase classname="testcases.Withdata_logs" name="Print" time="0.014"/>
  <system-out/>
</testsuite> <!-- testcases.Withdata_logs -->
