<?xml version="1.0" encoding="UTF-8"?>
<!-- Generated by org.testng.reporters.JUnitReportReporter -->
<testsuite hostname="user-PC" failures="0" tests="1" name="march19th.Demo3" time="0.008" errors="0" timestamp="2021-05-01T13:06:37 IST" skipped="0">
  <testcase classname="march19th.Demo3" name="test" time="0.008"/>
  <system-out/>
</testsuite> <!-- march19th.Demo3 -->
