<?xml version="1.0" encoding="UTF-8"?>
<!-- Generated by org.testng.reporters.JUnitReportReporter -->
<testsuite hostname="user-PC" failures="0" tests="2" name="march19th.Demo5" time="42.330" errors="0" timestamp="2021-05-03T16:32:06 IST" skipped="0">
  <testcase classname="march19th.Demo5" name="test1" time="16.275"/>
  <system-out/>
  <testcase classname="march19th.Demo5" name="test" time="26.055"/>
  <system-out/>
</testsuite> <!-- march19th.Demo5 -->
