<?xml version="1.0" encoding="UTF-8"?>
<!-- Generated by org.testng.reporters.JUnitReportReporter -->
<testsuite hostname="user-PC" failures="0" tests="1" name="testcases.Logtest" time="0.005" errors="0" timestamp="2021-05-15T18:47:42 IST" skipped="0">
  <testcase classname="testcases.Logtest" name="Print" time="0.005"/>
  <system-out/>
</testsuite> <!-- testcases.Logtest -->
