<?xml version="1.0" encoding="UTF-8"?>
<!-- Generated by org.testng.reporters.JUnitReportReporter -->
<testsuite hostname="user-PC" failures="0" tests="2" name="mar18th.Demo" time="0.012" errors="0" timestamp="2021-04-30T20:37:55 IST" skipped="0">
  <testcase classname="mar18th.Demo" name="test" time="0.010"/>
  <system-out/>
  <testcase classname="mar18th.Demo" name="test2" time="0.002"/>
  <system-out/>
</testsuite> <!-- mar18th.Demo -->
