<?xml version="1.0" encoding="UTF-8"?>
<!-- Generated by org.testng.reporters.JUnitReportReporter -->
<testsuite hostname="user-PC" failures="0" tests="2" name="march19th.Demo2" time="0.010" errors="0" timestamp="2021-05-01T12:54:55 IST" skipped="0">
  <testcase classname="march19th.Demo2" name="test1" time="0.004"/>
  <system-out/>
  <testcase classname="march19th.Demo2" name="test" time="0.006"/>
  <system-out/>
</testsuite> <!-- march19th.Demo2 -->
